<?xml version="1.0" encoding="UTF-8"?>
<coverage generated="1663073289771" clover="3.2.0">
  <project timestamp="1663073289771" name="All files">
    <metrics statements="15" coveredstatements="15" conditionals="11" coveredconditionals="6" methods="11" coveredmethods="10" elements="37" coveredelements="31" complexity="0" loc="15" ncloc="15" packages="5" files="10" classes="10"/>
    <package name="src">
      <metrics statements="1" coveredstatements="1" conditionals="0" coveredconditionals="0" methods="1" coveredmethods="1"/>
      <file name="App.vue" path="C:\Users\pnarsupa\Desktop\TV-Shows\src\App.vue">
        <metrics statements="1" coveredstatements="1" conditionals="0" coveredconditionals="0" methods="1" coveredmethods="1"/>
        <line num="1" count="12" type="stmt"/>
      </file>
    </package>
    <package name="src.Components">
      <metrics statements="3" coveredstatements="3" conditionals="5" coveredconditionals="0" methods="3" coveredmethods="2"/>
      <file name="Card.vue" path="C:\Users\pnarsupa\Desktop\TV-Shows\src\Components\Card.vue">
        <metrics statements="1" coveredstatements="1" conditionals="2" coveredconditionals="0" methods="1" coveredmethods="0"/>
        <line num="1" count="9" type="cond" truecount="0" falsecount="2"/>
      </file>
      <file name="ErrorPage.vue" path="C:\Users\pnarsupa\Desktop\TV-Shows\src\Components\ErrorPage.vue">
        <metrics statements="1" coveredstatements="1" conditionals="0" coveredconditionals="0" methods="1" coveredmethods="1"/>
        <line num="1" count="18" type="stmt"/>
      </file>
      <file name="NavigationBar.vue" path="C:\Users\pnarsupa\Desktop\TV-Shows\src\Components\NavigationBar.vue">
        <metrics statements="1" coveredstatements="1" conditionals="3" coveredconditionals="0" methods="1" coveredmethods="1"/>
        <line num="1" count="37" type="cond" truecount="0" falsecount="3"/>
      </file>
    </package>
    <package name="src.Router">
      <metrics statements="3" coveredstatements="3" conditionals="0" coveredconditionals="0" methods="0" coveredmethods="0"/>
      <file name="Index.js" path="C:\Users\pnarsupa\Desktop\TV-Shows\src\Router\Index.js">
        <metrics statements="3" coveredstatements="3" conditionals="0" coveredconditionals="0" methods="0" coveredmethods="0"/>
        <line num="9" count="1" type="stmt"/>
        <line num="11" count="1" type="stmt"/>
        <line num="42" count="1" type="stmt"/>
      </file>
    </package>
    <package name="src.Services">
      <metrics statements="4" coveredstatements="4" conditionals="0" coveredconditionals="0" methods="3" coveredmethods="3"/>
      <file name="ApiCalls.js" path="C:\Users\pnarsupa\Desktop\TV-Shows\src\Services\ApiCalls.js">
        <metrics statements="4" coveredstatements="4" conditionals="0" coveredconditionals="0" methods="3" coveredmethods="3"/>
        <line num="2" count="5" type="stmt"/>
        <line num="5" count="1" type="stmt"/>
        <line num="9" count="1" type="stmt"/>
        <line num="13" count="1" type="stmt"/>
      </file>
    </package>
    <package name="src.Views">
      <metrics statements="4" coveredstatements="4" conditionals="6" coveredconditionals="6" methods="4" coveredmethods="4"/>
      <file name="HomePage.vue" path="C:\Users\pnarsupa\Desktop\TV-Shows\src\Views\HomePage.vue">
        <metrics statements="1" coveredstatements="1" conditionals="2" coveredconditionals="2" methods="1" coveredmethods="1"/>
        <line num="1" count="29" type="cond" truecount="2" falsecount="0"/>
      </file>
      <file name="PageNotFound.vue" path="C:\Users\pnarsupa\Desktop\TV-Shows\src\Views\PageNotFound.vue">
        <metrics statements="1" coveredstatements="1" conditionals="0" coveredconditionals="0" methods="1" coveredmethods="1"/>
        <line num="1" count="15" type="stmt"/>
      </file>
      <file name="SearchForShows.vue" path="C:\Users\pnarsupa\Desktop\TV-Shows\src\Views\SearchForShows.vue">
        <metrics statements="1" coveredstatements="1" conditionals="2" coveredconditionals="2" methods="1" coveredmethods="1"/>
        <line num="1" count="34" type="cond" truecount="2" falsecount="0"/>
      </file>
      <file name="ShowDetails.vue" path="C:\Users\pnarsupa\Desktop\TV-Shows\src\Views\ShowDetails.vue">
        <metrics statements="1" coveredstatements="1" conditionals="2" coveredconditionals="2" methods="1" coveredmethods="1"/>
        <line num="1" count="36" type="cond" truecount="2" falsecount="0"/>
      </file>
    </package>
  </project>
</coverage>
