{"C:\\Users\\pnarsupa\\Desktop\\TV-Shows\\src\\App.vue": {"path":"C:\\Users\\pnarsupa\\Desktop\\TV-Shows\\src\\App.vue","statementMap":{"0":{"start":{"line":1,"column":0},"end":{"line":1,"column":null}}},"fnMap":{"0":{"name":"(anonymous_0)","decl":{"start":{"line":1,"column":0},"end":{"line":1,"column":null}},"loc":{"start":{"line":1,"column":0},"end":{"line":1,"column":null}}}},"branchMap":{},"s":{"0":12},"f":{"0":3},"b":{}}
,"C:\\Users\\pnarsupa\\Desktop\\TV-Shows\\src\\Components\\Card.vue": {"path":"C:\\Users\\pnarsupa\\Desktop\\TV-Shows\\src\\Components\\Card.vue","statementMap":{"0":{"start":{"line":1,"column":0},"end":{"line":1,"column":null}}},"fnMap":{"0":{"name":"(anonymous_0)","decl":{"start":{"line":1,"column":0},"end":{"line":1,"column":null}},"loc":{"start":{"line":1,"column":0},"end":{"line":1,"column":null}}}},"branchMap":{"0":{"loc":{"start":{"line":1,"column":0},"end":{"line":1,"column":null}},"type":"cond-expr","locations":[{"start":{"line":1,"column":0},"end":{"line":1,"column":null}},{"start":{"line":1,"column":0},"end":{"line":1,"column":null}}]}},"s":{"0":9},"f":{"0":0},"b":{"0":[0,0]}}
,"C:\\Users\\pnarsupa\\Desktop\\TV-Shows\\src\\Components\\ErrorPage.vue": {"path":"C:\\Users\\pnarsupa\\Desktop\\TV-Shows\\src\\Components\\ErrorPage.vue","statementMap":{"0":{"start":{"line":1,"column":0},"end":{"line":1,"column":null}}},"fnMap":{"0":{"name":"(anonymous_1)","decl":{"start":{"line":1,"column":0},"end":{"line":1,"column":null}},"loc":{"start":{"line":1,"column":0},"end":{"line":1,"column":null}}}},"branchMap":{},"s":{"0":18},"f":{"0":1},"b":{}}
,"C:\\Users\\pnarsupa\\Desktop\\TV-Shows\\src\\Components\\NavigationBar.vue": {"path":"C:\\Users\\pnarsupa\\Desktop\\TV-Shows\\src\\Components\\NavigationBar.vue","statementMap":{"0":{"start":{"line":1,"column":0},"end":{"line":1,"column":null}}},"fnMap":{"0":{"name":"(anonymous_3)","decl":{"start":{"line":1,"column":0},"end":{"line":1,"column":null}},"loc":{"start":{"line":1,"column":0},"end":{"line":1,"column":null}}}},"branchMap":{"0":{"loc":{"start":{"line":1,"column":0},"end":{"line":1,"column":null}},"type":"if","locations":[{"start":{"line":1,"column":0},"end":{"line":1,"column":null}}]},"1":{"loc":{"start":{"line":1,"column":0},"end":{"line":1,"column":null}},"type":"binary-expr","locations":[{"start":{"line":1,"column":0},"end":{"line":1,"column":null}},{"start":{"line":1,"column":0},"end":{"line":1,"column":null}}]}},"s":{"0":37},"f":{"0":11},"b":{"0":[0],"1":[0,0]}}
,"C:\\Users\\pnarsupa\\Desktop\\TV-Shows\\src\\Router\\Index.js": {"path":"C:\\Users\\pnarsupa\\Desktop\\TV-Shows\\src\\Router\\Index.js","statementMap":{"0":{"start":{"line":9,"column":0},"end":{"line":9,"column":18}},"1":{"start":{"line":11,"column":22},"end":{"line":40,"column":1}},"2":{"start":{"line":42,"column":15},"end":{"line":45,"column":2}}},"fnMap":{},"branchMap":{},"s":{"0":1,"1":1,"2":1},"f":{},"b":{},"_coverageSchema":"1a1c01bbd47fc00a2c39e90264f33305004495a9","hash":"5a30b8b0286ecbefae1b68e62a4fedcba5ceceda"}
,"C:\\Users\\pnarsupa\\Desktop\\TV-Shows\\src\\Services\\ApiCalls.js": {"path":"C:\\Users\\pnarsupa\\Desktop\\TV-Shows\\src\\Services\\ApiCalls.js","statementMap":{"0":{"start":{"line":2,"column":16},"end":{"line":2,"column":40}},"1":{"start":{"line":5,"column":2},"end":{"line":5,"column":37}},"2":{"start":{"line":9,"column":2},"end":{"line":9,"column":43}},"3":{"start":{"line":13,"column":2},"end":{"line":13,"column":58}}},"fnMap":{"0":{"name":"getAllShows","decl":{"start":{"line":4,"column":16},"end":{"line":4,"column":27}},"loc":{"start":{"line":4,"column":31},"end":{"line":6,"column":1}},"line":4},"1":{"name":"getShowDetails","decl":{"start":{"line":8,"column":16},"end":{"line":8,"column":30}},"loc":{"start":{"line":8,"column":36},"end":{"line":10,"column":1}},"line":8},"2":{"name":"searchForShows","decl":{"start":{"line":12,"column":16},"end":{"line":12,"column":30}},"loc":{"start":{"line":12,"column":42},"end":{"line":14,"column":1}},"line":12}},"branchMap":{},"s":{"0":5,"1":1,"2":1,"3":1},"f":{"0":1,"1":1,"2":1},"b":{},"_coverageSchema":"1a1c01bbd47fc00a2c39e90264f33305004495a9","hash":"ecda5def7f880a88fbb41088c9c08bc03b48cdd7"}
,"C:\\Users\\pnarsupa\\Desktop\\TV-Shows\\src\\Views\\HomePage.vue": {"path":"C:\\Users\\pnarsupa\\Desktop\\TV-Shows\\src\\Views\\HomePage.vue","statementMap":{"0":{"start":{"line":1,"column":0},"end":{"line":1,"column":null}}},"fnMap":{"0":{"name":"(anonymous_0)","decl":{"start":{"line":1,"column":0},"end":{"line":1,"column":null}},"loc":{"start":{"line":1,"column":0},"end":{"line":1,"column":null}}}},"branchMap":{"0":{"loc":{"start":{"line":1,"column":0},"end":{"line":1,"column":null}},"type":"cond-expr","locations":[{"start":{"line":1,"column":0},"end":{"line":1,"column":null}},{"start":{"line":1,"column":0},"end":{"line":1,"column":null}}]}},"s":{"0":29},"f":{"0":13},"b":{"0":[10,10]}}
,"C:\\Users\\pnarsupa\\Desktop\\TV-Shows\\src\\Views\\PageNotFound.vue": {"path":"C:\\Users\\pnarsupa\\Desktop\\TV-Shows\\src\\Views\\PageNotFound.vue","statementMap":{"0":{"start":{"line":1,"column":0},"end":{"line":1,"column":null}}},"fnMap":{"0":{"name":"(anonymous_1)","decl":{"start":{"line":1,"column":0},"end":{"line":1,"column":null}},"loc":{"start":{"line":1,"column":0},"end":{"line":1,"column":null}}}},"branchMap":{},"s":{"0":15},"f":{"0":3},"b":{}}
,"C:\\Users\\pnarsupa\\Desktop\\TV-Shows\\src\\Views\\SearchForShows.vue": {"path":"C:\\Users\\pnarsupa\\Desktop\\TV-Shows\\src\\Views\\SearchForShows.vue","statementMap":{"0":{"start":{"line":1,"column":0},"end":{"line":1,"column":null}}},"fnMap":{"0":{"name":"(anonymous_0)","decl":{"start":{"line":1,"column":0},"end":{"line":1,"column":null}},"loc":{"start":{"line":1,"column":0},"end":{"line":1,"column":null}}}},"branchMap":{"0":{"loc":{"start":{"line":1,"column":0},"end":{"line":1,"column":null}},"type":"cond-expr","locations":[{"start":{"line":1,"column":0},"end":{"line":1,"column":null}},{"start":{"line":1,"column":0},"end":{"line":1,"column":null}}]}},"s":{"0":34},"f":{"0":12},"b":{"0":[16,11]}}
,"C:\\Users\\pnarsupa\\Desktop\\TV-Shows\\src\\Views\\ShowDetails.vue": {"path":"C:\\Users\\pnarsupa\\Desktop\\TV-Shows\\src\\Views\\ShowDetails.vue","statementMap":{"0":{"start":{"line":1,"column":0},"end":{"line":1,"column":null}}},"fnMap":{"0":{"name":"(anonymous_0)","decl":{"start":{"line":1,"column":0},"end":{"line":1,"column":null}},"loc":{"start":{"line":1,"column":0},"end":{"line":1,"column":null}}}},"branchMap":{"0":{"loc":{"start":{"line":1,"column":0},"end":{"line":1,"column":null}},"type":"cond-expr","locations":[{"start":{"line":1,"column":0},"end":{"line":1,"column":null}},{"start":{"line":1,"column":0},"end":{"line":1,"column":null}}]}},"s":{"0":36},"f":{"0":10},"b":{"0":[20,17]}}
}
