TN:
SF:src\App.vue
FN:1,(anonymous_0)
FNF:1
FNH:1
FNDA:3,(anonymous_0)
DA:1,12
LF:1
LH:1
BRF:0
BRH:0
end_of_record
TN:
SF:src\Components\Card.vue
FN:1,(anonymous_0)
FNF:1
FNH:0
FNDA:0,(anonymous_0)
DA:1,9
LF:1
LH:1
BRDA:1,0,0,0
BRDA:1,0,1,0
BRF:2
BRH:0
end_of_record
TN:
SF:src\Components\ErrorPage.vue
FN:1,(anonymous_1)
FNF:1
FNH:1
FNDA:1,(anonymous_1)
DA:1,18
LF:1
LH:1
BRF:0
BRH:0
end_of_record
TN:
SF:src\Components\NavigationBar.vue
FN:1,(anonymous_3)
FNF:1
FNH:1
FNDA:11,(anonymous_3)
DA:1,37
LF:1
LH:1
BRDA:1,0,0,0
BRDA:1,1,0,0
BRDA:1,1,1,0
BRF:3
BRH:0
end_of_record
TN:
SF:src\Router\Index.js
FNF:0
FNH:0
DA:9,1
DA:11,1
DA:42,1
LF:3
LH:3
BRF:0
BRH:0
end_of_record
TN:
SF:src\Services\ApiCalls.js
FN:4,getAllShows
FN:8,getShowDetails
FN:12,searchForShows
FNF:3
FNH:3
FNDA:1,getAllShows
FNDA:1,getShowDetails
FNDA:1,searchForShows
DA:2,5
DA:5,1
DA:9,1
DA:13,1
LF:4
LH:4
BRF:0
BRH:0
end_of_record
TN:
SF:src\Views\HomePage.vue
FN:1,(anonymous_0)
FNF:1
FNH:1
FNDA:13,(anonymous_0)
DA:1,29
LF:1
LH:1
BRDA:1,0,0,10
BRDA:1,0,1,10
BRF:2
BRH:2
end_of_record
TN:
SF:src\Views\PageNotFound.vue
FN:1,(anonymous_1)
FNF:1
FNH:1
FNDA:3,(anonymous_1)
DA:1,15
LF:1
LH:1
BRF:0
BRH:0
end_of_record
TN:
SF:src\Views\SearchForShows.vue
FN:1,(anonymous_0)
FNF:1
FNH:1
FNDA:12,(anonymous_0)
DA:1,34
LF:1
LH:1
BRDA:1,0,0,16
BRDA:1,0,1,11
BRF:2
BRH:2
end_of_record
TN:
SF:src\Views\ShowDetails.vue
FN:1,(anonymous_0)
FNF:1
FNH:1
FNDA:10,(anonymous_0)
DA:1,36
LF:1
LH:1
BRDA:1,0,0,20
BRDA:1,0,1,17
BRF:2
BRH:2
end_of_record
